<?xml version="1.0" encoding="UTF-8"?>
<!-- Generated by org.testng.reporters.JUnitReportReporter -->
<testsuite hostname="TMCHIEN" failures="0" tests="2" name="vinhtester.com.testNGfirstTry.runtest" time="22.785" errors="0" timestamp="2022-07-13T22:10:04 ICT" skipped="0">
  <testcase classname="vinhtester.com.testNGfirstTry.runtest" name="openProjectPage" time="21.462"/>
  <system-out/>
  <testcase classname="vinhtester.com.testNGfirstTry.runtest" name="getTitlePage" time="1.323"/>
  <system-out/>
</testsuite> <!-- vinhtester.com.testNGfirstTry.runtest -->
