<?xml version="1.0" encoding="UTF-8"?>
<!-- Generated by org.testng.reporters.JUnitReportReporter -->
<testsuite hostname="TMCHIEN" failures="0" tests="1" name="vinhtester.com.firstExercise.firstTest" time="49.113" errors="0" timestamp="2022-07-15T12:55:38 ICT" skipped="0">
  <testcase classname="vinhtester.com.firstExercise.firstTest" name="regressionTest" time="49.113"/>
  <system-out/>
</testsuite> <!-- vinhtester.com.firstExercise.firstTest -->
